<?xml version="1.0" encoding="UTF-8"?>
<!-- Generated by org.testng.reporters.JUnitReportReporter -->
<testsuite hostname="LAPTOP-PRTCFI5V" failures="0" tests="7" name="day3" time="0.008" errors="0" timestamp="2022-04-20T13:17:34 AST" skipped="1">
  <testcase classname="day3" name="WebloginCarLoan" time="0.000"/>
  <system-out/>
  <testcase classname="day3" name="MobilesignoutcarLoan" time="0.002"/>
  <system-out/>
  <testcase classname="day3" name="MobileLogincarLoan" time="0.001"/>
  <system-out/>
  <testcase classname="day3" name="MobilesignoutcarLoan" time="0.003"/>
  <system-out/>
  <testcase classname="day3" name="MobilesignoutcarLoan" time="0.001"/>
  <system-out/>
  <testcase classname="day3" name="APIcarLoan" time="0.001"/>
  <system-out/>
  <testcase classname="day3" name="MobilesignimcarLoan">
    <skipped/>
  </testcase> <!-- MobilesignimcarLoan -->
  <system-out/>
</testsuite> <!-- day3 -->
