<?xml version="1.0" encoding="UTF-8"?>
<!-- Generated by org.testng.reporters.JUnitReportReporter -->
<testsuite hostname="LAPTOP-PRTCFI5V" failures="0" tests="1" name="day1" time="0.006" errors="0" timestamp="2022-04-20T13:17:34 AST" skipped="0">
  <testcase classname="day1" name="Demo" time="0.006"/>
  <system-out/>
</testsuite> <!-- day1 -->
