<?xml version="1.0" encoding="UTF-8"?>
<!-- Generated by org.testng.reporters.JUnitReportReporter -->
<testsuite hostname="LAPTOP-PRTCFI5V" failures="0" tests="3" name="day4" time="0.002" errors="0" timestamp="2022-04-20T13:17:34 AST" skipped="0">
  <testcase classname="day4" name="LoginAPIHomeLoan" time="0.001"/>
  <system-out/>
  <testcase classname="day4" name="WebloginHomeLoan" time="0.000"/>
  <system-out/>
  <testcase classname="day4" name="MobileLoginHomeLoan" time="0.001"/>
  <system-out/>
</testsuite> <!-- day4 -->
